<?xml version="1.0" encoding="UTF-8"?>
<!-- Generated by org.testng.reporters.JUnitXMLReporter -->
<testsuite hostname="DESKTOP-R707R9I" ignored="0" name="Test" tests="7" failures="0" timestamp="31 Aug 2017 06:21:59 GMT" time="84.075" errors="0">
  <testcase name="verifyLoginInvalidCredential" time="4.799" classname="com.test.automation.uiAutomationNew.homePage.TC001_VerifyLoginWithInvalidCredential"/>
  <testcase name="testLogin" time="10.8" classname="com.test.automation.uiAutomationNew.homePage.TC002_VerifyLoginWithDifferentRecords"/>
  <testcase name="testLogin" time="3.586" classname="com.test.automation.uiAutomationNew.homePage.TC002_VerifyLoginWithDifferentRecords"/>
  <testcase name="testLogin" time="3.534" classname="com.test.automation.uiAutomationNew.homePage.TC002_VerifyLoginWithDifferentRecords"/>
  <testcase name="testLogin" time="3.567" classname="com.test.automation.uiAutomationNew.homePage.TC002_VerifyLoginWithDifferentRecords"/>
  <testcase name="testLogin" time="3.793" classname="com.test.automation.uiAutomationNew.homePage.TC002_VerifyLoginWithDifferentRecords"/>
  <testcase name="createAccount" time="12.715" classname="com.test.automation.uiAutomationNew.homePage.TC003_CreateAnAccount"/>
</testsuite> <!-- Test -->
